Log path set to: ./logs/11-01-1459-humanomni_emotion_emer_1format_withpath_withchoice.txt
f_a_tswn
Traceback (most recent call last):
  File "/mnt/ssd_hs/Exp/R1-Omni/src/r1-v/src/open_r1/grpo-text_av_attention_AU.py", line 36, in <module>
    from utils_reward import think_emotion_keyword_attention_reward , think_av_attention_reward, think_reward, think_step_reward, think_half_reward, think_top1_reward, think_with_hint_reward, think_confusion_reward, think_emotion_label_reward, think_step_with_neutral_reward, chain_reward, accuracy_reward, consistency_reward
  File "/mnt/ssd_hs/Exp/R1-Omni/src/r1-v/src/open_r1/utils_reward.py", line 91, in <module>
    EMOTIONAL_KEYWORDS_DICT = json.load(f)
                              ^^^^
NameError: name 'json' is not defined
Traceback (most recent call last):
  File "/mnt/ssd_hs/Exp/R1-Omni/src/r1-v/src/open_r1/grpo-text_av_attention_AU.py", line 36, in <module>
    from utils_reward import think_emotion_keyword_attention_reward , think_av_attention_reward, think_reward, think_step_reward, think_half_reward, think_top1_reward, think_with_hint_reward, think_confusion_reward, think_emotion_label_reward, think_step_with_neutral_reward, chain_reward, accuracy_reward, consistency_reward
  File "/mnt/ssd_hs/Exp/R1-Omni/src/r1-v/src/open_r1/utils_reward.py", line 91, in <module>
    EMOTIONAL_KEYWORDS_DICT = json.load(f)
                              ^^^^
NameError: name 'json' is not defined
Traceback (most recent call last):
  File "/mnt/ssd_hs/Exp/R1-Omni/src/r1-v/src/open_r1/grpo-text_av_attention_AU.py", line 36, in <module>
    from utils_reward import think_emotion_keyword_attention_reward , think_av_attention_reward, think_reward, think_step_reward, think_half_reward, think_top1_reward, think_with_hint_reward, think_confusion_reward, think_emotion_label_reward, think_step_with_neutral_reward, chain_reward, accuracy_reward, consistency_reward
  File "/mnt/ssd_hs/Exp/R1-Omni/src/r1-v/src/open_r1/utils_reward.py", line 91, in <module>
    EMOTIONAL_KEYWORDS_DICT = json.load(f)
                              ^^^^
NameError: name 'json' is not defined
Traceback (most recent call last):
  File "/mnt/ssd_hs/Exp/R1-Omni/src/r1-v/src/open_r1/grpo-text_av_attention_AU.py", line 36, in <module>
    from utils_reward import think_emotion_keyword_attention_reward , think_av_attention_reward, think_reward, think_step_reward, think_half_reward, think_top1_reward, think_with_hint_reward, think_confusion_reward, think_emotion_label_reward, think_step_with_neutral_reward, chain_reward, accuracy_reward, consistency_reward
  File "/mnt/ssd_hs/Exp/R1-Omni/src/r1-v/src/open_r1/utils_reward.py", line 91, in <module>
    EMOTIONAL_KEYWORDS_DICT = json.load(f)
                              ^^^^
NameError: name 'json' is not defined
Traceback (most recent call last):
  File "/mnt/ssd_hs/Exp/R1-Omni/src/r1-v/src/open_r1/grpo-text_av_attention_AU.py", line 36, in <module>
    Traceback (most recent call last):
from utils_reward import think_emotion_keyword_attention_reward , think_av_attention_reward, think_reward, think_step_reward, think_half_reward, think_top1_reward, think_with_hint_reward, think_confusion_reward, think_emotion_label_reward, think_step_with_neutral_reward, chain_reward, accuracy_reward, consistency_reward
  File "/mnt/ssd_hs/Exp/R1-Omni/src/r1-v/src/open_r1/grpo-text_av_attention_AU.py", line 36, in <module>
  File "/mnt/ssd_hs/Exp/R1-Omni/src/r1-v/src/open_r1/utils_reward.py", line 91, in <module>
    from utils_reward import think_emotion_keyword_attention_reward , think_av_attention_reward, think_reward, think_step_reward, think_half_reward, think_top1_reward, think_with_hint_reward, think_confusion_reward, think_emotion_label_reward, think_step_with_neutral_reward, chain_reward, accuracy_reward, consistency_reward
    EMOTIONAL_KEYWORDS_DICT = json.load(f)
       File "/mnt/ssd_hs/Exp/R1-Omni/src/r1-v/src/open_r1/utils_reward.py", line 91, in <module>
                         ^^^^
NameError: name 'json' is not defined
    EMOTIONAL_KEYWORDS_DICT = json.load(f)
                              ^^^^
NameError: name 'json' is not defined
Traceback (most recent call last):
  File "/mnt/ssd_hs/Exp/R1-Omni/src/r1-v/src/open_r1/grpo-text_av_attention_AU.py", line 36, in <module>
    from utils_reward import think_emotion_keyword_attention_reward , think_av_attention_reward, think_reward, think_step_reward, think_half_reward, think_top1_reward, think_with_hint_reward, think_confusion_reward, think_emotion_label_reward, think_step_with_neutral_reward, chain_reward, accuracy_reward, consistency_reward
  File "/mnt/ssd_hs/Exp/R1-Omni/src/r1-v/src/open_r1/utils_reward.py", line 91, in <module>
    EMOTIONAL_KEYWORDS_DICT = json.load(f)
                              ^^^^
NameError: name 'json' is not defined
Traceback (most recent call last):
  File "/mnt/ssd_hs/Exp/R1-Omni/src/r1-v/src/open_r1/grpo-text_av_attention_AU.py", line 36, in <module>
    from utils_reward import think_emotion_keyword_attention_reward , think_av_attention_reward, think_reward, think_step_reward, think_half_reward, think_top1_reward, think_with_hint_reward, think_confusion_reward, think_emotion_label_reward, think_step_with_neutral_reward, chain_reward, accuracy_reward, consistency_reward
  File "/mnt/ssd_hs/Exp/R1-Omni/src/r1-v/src/open_r1/utils_reward.py", line 91, in <module>
    EMOTIONAL_KEYWORDS_DICT = json.load(f)
                              ^^^^
NameError: name 'json' is not defined
W1101 14:59:25.631000 1913786 site-packages/torch/distributed/elastic/multiprocessing/api.py:897] Sending process 1913807 closing signal SIGTERM
W1101 14:59:25.631000 1913786 site-packages/torch/distributed/elastic/multiprocessing/api.py:897] Sending process 1913808 closing signal SIGTERM
W1101 14:59:25.632000 1913786 site-packages/torch/distributed/elastic/multiprocessing/api.py:897] Sending process 1913809 closing signal SIGTERM
W1101 14:59:25.632000 1913786 site-packages/torch/distributed/elastic/multiprocessing/api.py:897] Sending process 1913811 closing signal SIGTERM
W1101 14:59:25.633000 1913786 site-packages/torch/distributed/elastic/multiprocessing/api.py:897] Sending process 1913812 closing signal SIGTERM
W1101 14:59:25.633000 1913786 site-packages/torch/distributed/elastic/multiprocessing/api.py:897] Sending process 1913813 closing signal SIGTERM
W1101 14:59:25.634000 1913786 site-packages/torch/distributed/elastic/multiprocessing/api.py:897] Sending process 1913814 closing signal SIGTERM
E1101 14:59:26.027000 1913786 site-packages/torch/distributed/elastic/multiprocessing/api.py:869] failed (exitcode: 1) local_rank: 3 (pid: 1913810) of binary: /mnt/ssd_hs/envs/r1-v/bin/python
Traceback (most recent call last):
  File "/mnt/ssd_hs/envs/r1-v/bin/torchrun", line 8, in <module>
    sys.exit(main())
             ^^^^^^
  File "/mnt/ssd_hs/envs/r1-v/lib/python3.11/site-packages/torch/distributed/elastic/multiprocessing/errors/__init__.py", line 355, in wrapper
    return f(*args, **kwargs)
           ^^^^^^^^^^^^^^^^^^
  File "/mnt/ssd_hs/envs/r1-v/lib/python3.11/site-packages/torch/distributed/run.py", line 919, in main
    run(args)
  File "/mnt/ssd_hs/envs/r1-v/lib/python3.11/site-packages/torch/distributed/run.py", line 910, in run
    elastic_launch(
  File "/mnt/ssd_hs/envs/r1-v/lib/python3.11/site-packages/torch/distributed/launcher/api.py", line 138, in __call__
    return launch_agent(self._config, self._entrypoint, list(args))
           ^^^^^^^^^^^^^^^^^^^^^^^^^^^^^^^^^^^^^^^^^^^^^^^^^^^^^^^^
  File "/mnt/ssd_hs/envs/r1-v/lib/python3.11/site-packages/torch/distributed/launcher/api.py", line 269, in launch_agent
    raise ChildFailedError(
torch.distributed.elastic.multiprocessing.errors.ChildFailedError: 
============================================================
/mnt/ssd_hs/Exp/R1-Omni/src/r1-v/src/open_r1/grpo-text_av_attention_AU.py FAILED
------------------------------------------------------------
Failures:
  <NO_OTHER_FAILURES>
------------------------------------------------------------
Root Cause (first observed failure):
[0]:
  time      : 2025-11-01_14:59:25
  host      : user-SYS-4029GP-TRT2
  rank      : 3 (local_rank: 3)
  exitcode  : 1 (pid: 1913810)
  error_file: <N/A>
  traceback : To enable traceback see: https://pytorch.org/docs/stable/elastic/errors.html
============================================================
